<?xml version="1.0" encoding="UTF-8"?>
<!-- Generated by org.testng.reporters.JUnitReportReporter -->
<testsuite hostname="IN-PG02GTNJ" failures="0" tests="1" name="Runner.MyRunner" time="26.826" errors="0" timestamp="2023-05-04T14:37:56 IST" skipped="0">
  <testcase classname="Runner.MyRunner" name="runScenario" time="26.826"/>
  <system-out/>
</testsuite> <!-- Runner.MyRunner -->
